
SQL*Loader: Release 11.2.0.2.0 - Production on Thu Apr 27 03:49:04 2023

Copyright (c) 1982, 2009, Oracle and/or its affiliates.  All rights reserved.

Control File:   workouts.ctl
Data File:      workouts.csv
  Bad File:     workouts.bad
  Discard File:  none specified
 
 (Allow all discards)

Number to load: ALL
Number to skip: 0
Errors allowed: 50
Bind array:     64 rows, maximum of 256000 bytes
Continuation:    none specified
Path used:      Conventional

Table WORKOUT, loaded from every logical record.
Insert option in effect for this table: INSERT

   Column Name                  Position   Len  Term Encl Datatype
------------------------------ ---------- ----- ---- ---- ---------------------
WORKOUT_ID                          FIRST     *   ;       CHARACTER            
NAME                                 NEXT     *   ;       CHARACTER            
MG1                                  NEXT     *   ;       CHARACTER            
MG2                                  NEXT     *   ;       CHARACTER            
MG3                                  NEXT     *   ;       CHARACTER            
MG4                                  NEXT     *   ;       CHARACTER            
LOCATION_ID                          NEXT     *   ;       CHARACTER            
DESCRIPTION                          NEXT     *   ;       CHARACTER            

Record 35: Rejected - Error on table WORKOUT, column DESCRIPTION.
Column not found before end of logical record (use TRAILING NULLCOLS)
Record 69: Rejected - Error on table WORKOUT, column DESCRIPTION.
Column not found before end of logical record (use TRAILING NULLCOLS)
Record 70: Rejected - Error on table WORKOUT, column DESCRIPTION.
Column not found before end of logical record (use TRAILING NULLCOLS)
Record 71: Rejected - Error on table WORKOUT, column DESCRIPTION.
Column not found before end of logical record (use TRAILING NULLCOLS)
Record 72: Rejected - Error on table WORKOUT, column DESCRIPTION.
Column not found before end of logical record (use TRAILING NULLCOLS)
Record 73: Rejected - Error on table WORKOUT, column DESCRIPTION.
Column not found before end of logical record (use TRAILING NULLCOLS)
Record 74: Rejected - Error on table WORKOUT, column DESCRIPTION.
Column not found before end of logical record (use TRAILING NULLCOLS)
Record 75: Rejected - Error on table WORKOUT, column DESCRIPTION.
Column not found before end of logical record (use TRAILING NULLCOLS)
Record 76: Rejected - Error on table WORKOUT, column DESCRIPTION.
Column not found before end of logical record (use TRAILING NULLCOLS)

Table WORKOUT:
  67 Rows successfully loaded.
  9 Rows not loaded due to data errors.
  0 Rows not loaded because all WHEN clauses were failed.
  0 Rows not loaded because all fields were null.


Space allocated for bind array:                 132096 bytes(64 rows)
Read   buffer bytes: 1048576

Total logical records skipped:          0
Total logical records read:            76
Total logical records rejected:         9
Total logical records discarded:        0

Run began on Thu Apr 27 03:49:04 2023
Run ended on Thu Apr 27 03:49:04 2023

Elapsed time was:     00:00:00.03
CPU time was:         00:00:00.00
